\BOOKMARK [1][-]{section.1}{Parametric Curves}{}% 1
\BOOKMARK [2][-]{subsection.1.1}{De Casteljau's algorithm}{section.1}% 2
\BOOKMARK [2][-]{subsection.1.2}{B\351zier curves - properties}{section.1}% 3
\BOOKMARK [2][-]{subsection.1.3}{Bezier and Bernstein polynomials}{section.1}% 4
\BOOKMARK [1][-]{section.2}{Projections and Transformations}{}% 5
\BOOKMARK [2][-]{subsection.2.1}{Rotation matrices}{section.2}% 6
\BOOKMARK [2][-]{subsection.2.2}{Perspective Projection}{section.2}% 7
\BOOKMARK [2][-]{subsection.2.3}{Concatenating Affine Transformations}{section.2}% 8
\BOOKMARK [2][-]{subsection.2.4}{Rasterizing Planar Reflections}{section.2}% 9
\BOOKMARK [1][-]{section.3}{Textures, Rasterization and Visibility}{}% 10
\BOOKMARK [2][-]{subsection.3.1}{Rasterization}{section.3}% 11
\BOOKMARK [2][-]{subsection.3.2}{Texturing}{section.3}% 12
\BOOKMARK [2][-]{subsection.3.3}{Mip Mapping}{section.3}% 13
\BOOKMARK [1][-]{section.4}{Coding, Lighting, Shading and Rendering Pipeline}{}% 14
\BOOKMARK [2][-]{subsection.4.1}{Rendering Pipeline}{section.4}% 15
\BOOKMARK [2][-]{subsection.4.2}{OpenGL syntax}{section.4}% 16
\BOOKMARK [2][-]{subsection.4.3}{Phong Lighting}{section.4}% 17
\BOOKMARK [2][-]{subsection.4.4}{Phong Shading}{section.4}% 18
\BOOKMARK [2][-]{subsection.4.5}{Phong Lighting Shader}{section.4}% 19
\BOOKMARK [2][-]{subsection.4.6}{Shadow Maps}{section.4}% 20
\BOOKMARK [1][-]{section.5}{Procedural Modeling and Fractals}{}% 21
\BOOKMARK [2][-]{subsection.5.1}{Measuring the dimensions of fractals}{section.5}% 22
\BOOKMARK [2][-]{subsection.5.2}{Noise Functions}{section.5}% 23
